<?xml version="1.0" encoding="UTF-8"?>
<!-- Generated by org.testng.reporters.JUnitXMLReporter -->
<testsuite ignored="0" hostname="Geeta" failures="1" tests="8" name="Test" time="0.107" errors="0" timestamp="2025-04-25T12:27:20 IST">
  <testcase classname="com.practice.TestNG.ITestListenerProg" name="testMethod1" time="0.012"/>
  <testcase classname="com.practice.TestNG.ITestListenerProg" name="testMethod2" time="0.008">
    <failure type="java.lang.AssertionError" message="expected [11] but found [10]">
      <![CDATA[java.lang.AssertionError: expected [11] but found [10]
at com.practice.TestNG.ITestListenerProg.testMethod2(ITestListenerProg.java:34)
at java.base/java.util.ArrayList.forEach(ArrayList.java:1597)
... Removed 32 stack frames]]>
    </failure>
  </testcase> <!-- testMethod2 -->
  <testcase classname="com.practice.TestNG.ITestListenerProg" name="testMethod3" time="0.004">
    <skipped/>
  </testcase> <!-- testMethod3 -->
  <testcase classname="com.practice.TestNG.ITestListenerProg" name="testMethod4" time="0.003"/>
  <testcase classname="com.practice.TestNG.ITestListenerProg" name="testMethod4" time="0.002"/>
  <testcase classname="com.practice.TestNG.ITestListenerProg" name="testMethod4" time="0.002"/>
  <testcase classname="com.practice.TestNG.ITestListenerProg" name="testMethod4" time="0.002"/>
  <testcase classname="com.practice.TestNG.ITestListenerProg" name="testMethod4" time="0.002"/>
</testsuite> <!-- Test -->
