<?xml version="1.0" encoding="UTF-8"?>
<!-- Generated by org.testng.reporters.JUnitXMLReporter -->
<testsuite ignored="0" hostname="Geeta" failures="1" tests="3" name="Test" time="62.235" errors="0" timestamp="2025-04-26T20:35:53 IST">
  <testcase classname="QA.test.TestSample" name="sampleMethodToForEnteringCred" time="9.096">
    <skipped/>
  </testcase> <!-- sampleMethodToForEnteringCred -->
  <testcase classname="QA.test.TestSample" name="sampleMethodToForEnteringCred" time="12.047">
    <skipped/>
  </testcase> <!-- sampleMethodToForEnteringCred -->
  <testcase classname="QA.test.TestSample" name="sampleMethodToForEnteringCred" time="11.191">
    <failure type="java.lang.AssertionError" message="expected [Cogmento CRM1] but found [Cogmento CRM]">
      <![CDATA[java.lang.AssertionError: expected [Cogmento CRM1] but found [Cogmento CRM]
at Pages.LoginPage.verifyLoginPageLoaded(LoginPage.java:16)
at QA.test.TestSample.sampleMethodToForEnteringCred(TestSample.java:21)
at java.base/java.util.ArrayList.forEach(ArrayList.java:1597)
... Removed 31 stack frames]]>
    </failure>
  </testcase> <!-- sampleMethodToForEnteringCred -->
</testsuite> <!-- Test -->
